<?xml version="1.0" encoding="UTF-8"?>
<!-- Generated by org.testng.reporters.JUnitReportReporter -->
<testsuite skipped="0" hostname="LAPTOP-RT2GVEB6" name="LoginTests.ComparisionTC" tests="1" failures="0" timestamp="2021-09-27T12:38:06 IST" time="0.001" errors="0">
  <testcase name="f" time="0.001" classname="LoginTests.ComparisionTC"/>
  <system-out/>
</testsuite> <!-- LoginTests.ComparisionTC -->
