<?xml version="1.0" encoding="UTF-8"?>
<!-- Generated by org.testng.reporters.JUnitReportReporter -->
<testsuite skipped="0" hostname="LAPTOP-RT2GVEB6" name="LoginTests.UdemyLogin" tests="1" failures="0" timestamp="2021-09-27T15:17:26 IST" time="3.593" errors="0">
  <testcase name="doLogin" time="3.593" classname="LoginTests.UdemyLogin"/>
  <system-out/>
</testsuite> <!-- LoginTests.UdemyLogin -->
