<?xml version="1.0" encoding="UTF-8"?>
<!-- Generated by org.testng.reporters.JUnitReportReporter -->
<testsuite skipped="0" hostname="LAPTOP-RT2GVEB6" name="LoginTests.ComparisionTC" tests="1" failures="0" timestamp="27 Sep 2021 07:18:09 GMT" time="0.000" errors="0">
  <testcase name="f" time="0.000" classname="LoginTests.ComparisionTC"/>
</testsuite> <!-- LoginTests.ComparisionTC -->
