<?xml version="1.0" encoding="UTF-8"?>
<!-- Generated by org.testng.reporters.JUnitReportReporter -->
<testsuite skipped="0" hostname="LAPTOP-RT2GVEB6" name="LoginTests.AppTest" tests="2" failures="0" timestamp="27 Sep 2021 09:42:34 GMT" time="0.008" errors="0">
  <testcase name="InvalidCredentials" time="0.008" classname="LoginTests.AppTest"/>
  <testcase name="validCredentials" time="0.000" classname="LoginTests.AppTest"/>
</testsuite> <!-- LoginTests.AppTest -->
